<?xml version="1.0" encoding="UTF-8"?>
<testsuite xmlns:xsi="http://www.w3.org/2001/XMLSchema-instance" xsi:noNamespaceSchemaLocation="https://maven.apache.org/surefire/maven-surefire-plugin/xsd/surefire-test-report.xsd" version="3.0.2" name="app.zad.zadinventory.controller.ProdutoControllerTests" time="1.913" tests="8" errors="0" skipped="0" failures="0">
  <properties>
[...]
</properties>
  <testcase name="deveCriarProdutoCorretamente" classname="app.zad.zadinventory.controller.ProdutoControllerTests" time="0.062">
    <system-out><![CDATA[2025-10-17T11:37:25.322-03:00  INFO 2176 --- [zadinventory] [           main] t.c.s.AnnotationConfigContextLoaderUtils : Could not detect default configuration classes for test class [app.zad.zadinventory.controller.ProdutoControllerTests]: ProdutoControllerTests does not declare any static, non-private, non-final, nested classes annotated with @Configuration.
2025-10-17T11:37:25.331-03:00  INFO 2176 --- [zadinventory] [           main] .b.t.c.SpringBootTestContextBootstrapper : Found @SpringBootConfiguration app.zad.zadinventory.ZadinventoryApplication for test class app.zad.zadinventory.controller.ProdutoControllerTests

  .   ____          _            __ _ _
 /\\ / ___'_ __ _ _(_)_ __  __ _ \ \ \ \
( ( )\___ | '_ | '_| | '_ \/ _` | \ \ \ \
 \\/  ___)| |_)| | | | | || (_| |  ) ) ) )
  '  |____| .__|_| |_|_| |_\__, | / / / /
 =========|_|==============|___/=/_/_/_/

 :: Spring Boot ::                (v3.5.4)

2025-10-17T11:37:25.405-03:00  INFO 2176 --- [zadinventory] [           main] a.z.z.controller.ProdutoControllerTests  : Starting ProdutoControllerTests using Java 17.0.12 with PID 2176 (started by Join Ads in C:\Users\Join Ads\Documents\projetos\zad\zad-back\zadinventory-backend\zadinventory)
2025-10-17T11:37:25.406-03:00  INFO 2176 --- [zadinventory] [           main] a.z.z.controller.ProdutoControllerTests  : No active profile set, falling back to 1 default profile: "default"
2025-10-17T11:37:25.798-03:00  INFO 2176 --- [zadinventory] [           main] .s.d.r.c.RepositoryConfigurationDelegate : Bootstrapping Spring Data JPA repositories in DEFAULT mode.
2025-10-17T11:37:25.848-03:00  INFO 2176 --- [zadinventory] [           main] .s.d.r.c.RepositoryConfigurationDelegate : Finished Spring Data repository scanning in 47 ms. Found 5 JPA repository interfaces.
2025-10-17T11:37:26.244-03:00  INFO 2176 --- [zadinventory] [           main] o.hibernate.jpa.internal.util.LogHelper  : HHH000204: Processing PersistenceUnitInfo [name: default]
2025-10-17T11:37:26.252-03:00  INFO 2176 --- [zadinventory] [           main] o.h.c.internal.RegionFactoryInitiator    : HHH000026: Second-level cache disabled
2025-10-17T11:37:26.288-03:00  INFO 2176 --- [zadinventory] [           main] o.s.o.j.p.SpringPersistenceUnitInfo      : No LoadTimeWeaver setup: ignoring JPA class transformer
2025-10-17T11:37:26.291-03:00  INFO 2176 --- [zadinventory] [           main] com.zaxxer.hikari.HikariDataSource       : HikariPool-2 - Starting...
2025-10-17T11:37:26.346-03:00  INFO 2176 --- [zadinventory] [           main] com.zaxxer.hikari.pool.HikariPool        : HikariPool-2 - Added connection com.mysql.cj.jdbc.ConnectionImpl@7c74140c
2025-10-17T11:37:26.347-03:00  INFO 2176 --- [zadinventory] [           main] com.zaxxer.hikari.HikariDataSource       : HikariPool-2 - Start completed.
2025-10-17T11:37:26.352-03:00  INFO 2176 --- [zadinventory] [           main] org.hibernate.orm.connections.pooling    : HHH10001005: Database info:
	Database JDBC URL [Connecting through datasource 'HikariDataSource (HikariPool-2)']
	Database driver: undefined/unknown
	Database version: 8.0.41
	Autocommit mode: undefined/unknown
	Isolation level: undefined/unknown
	Minimum pool size: undefined/unknown
	Maximum pool size: undefined/unknown
2025-10-17T11:37:26.462-03:00  INFO 2176 --- [zadinventory] [           main] o.h.e.t.j.p.i.JtaPlatformInitiator       : HHH000489: No JTA platform available (set 'hibernate.transaction.jta.platform' to enable JTA platform integration)
2025-10-17T11:37:26.561-03:00  INFO 2176 --- [zadinventory] [           main] j.LocalContainerEntityManagerFactoryBean : Initialized JPA EntityManagerFactory for persistence unit 'default'
2025-10-17T11:37:27.050-03:00  INFO 2176 --- [zadinventory] [           main] o.s.b.t.m.w.SpringBootMockServletContext : Initializing Spring TestDispatcherServlet ''
2025-10-17T11:37:27.050-03:00  INFO 2176 --- [zadinventory] [           main] o.s.t.web.servlet.TestDispatcherServlet  : Initializing Servlet ''
2025-10-17T11:37:27.051-03:00  INFO 2176 --- [zadinventory] [           main] o.s.t.web.servlet.TestDispatcherServlet  : Completed initialization in 1 ms
2025-10-17T11:37:27.068-03:00  INFO 2176 --- [zadinventory] [           main] a.z.z.controller.ProdutoControllerTests  : Started ProdutoControllerTests in 1.722 seconds (process running for 30.654)
]]></system-out>
  </testcase>
  <testcase name="deveBuscarProdutoPorId" classname="app.zad.zadinventory.controller.ProdutoControllerTests" time="0.011"/>
  <testcase name="deveBuscarProdutoPorNome" classname="app.zad.zadinventory.controller.ProdutoControllerTests" time="0.015"/>
  <testcase name="deveRemoverProduto" classname="app.zad.zadinventory.controller.ProdutoControllerTests" time="0.01"/>
  <testcase name="deveBuscarComBaixoEstoque" classname="app.zad.zadinventory.controller.ProdutoControllerTests" time="0.017"/>
  <testcase name="deveListarTodosOsProdutos" classname="app.zad.zadinventory.controller.ProdutoControllerTests" time="0.009"/>
  <testcase name="deveAtualizarProduto" classname="app.zad.zadinventory.controller.ProdutoControllerTests" time="0.011"/>
  <testcase name="deveBuscarPorCategoria" classname="app.zad.zadinventory.controller.ProdutoControllerTests" time="0.011"/>
</testsuite>