<?xml version="1.0" encoding="UTF-8"?>
<testsuite xmlns:xsi="http://www.w3.org/2001/XMLSchema-instance" xsi:noNamespaceSchemaLocation="https://maven.apache.org/surefire/maven-surefire-plugin/xsd/surefire-test-report.xsd" version="3.0.2" name="app.zad.zadinventory.controller.CategoriaControllerTests" time="26.261" tests="10" errors="0" skipped="0" failures="0">
  <properties>
[...]
</properties>
  <testcase name="deveRetornarNotFoundQuandoCategoriaNaoExistir" classname="app.zad.zadinventory.controller.CategoriaControllerTests" time="0.494">
    <system-out><![CDATA[11:37:00.196 [main] INFO org.springframework.test.context.support.AnnotationConfigContextLoaderUtils -- Could not detect default configuration classes for test class [app.zad.zadinventory.controller.CategoriaControllerTests]: CategoriaControllerTests does not declare any static, non-private, non-final, nested classes annotated with @Configuration.
11:37:01.012 [main] INFO org.springframework.boot.test.context.SpringBootTestContextBootstrapper -- Found @SpringBootConfiguration app.zad.zadinventory.ZadinventoryApplication for test class app.zad.zadinventory.controller.CategoriaControllerTests

  .   ____          _            __ _ _
 /\\ / ___'_ __ _ _(_)_ __  __ _ \ \ \ \
( ( )\___ | '_ | '_| | '_ \/ _` | \ \ \ \
 \\/  ___)| |_)| | | | | || (_| |  ) ) ) )
  '  |____| .__|_| |_|_| |_\__, | / / / /
 =========|_|==============|___/=/_/_/_/

 :: Spring Boot ::                (v3.5.4)

2025-10-17T11:37:02.650-03:00  INFO 2176 --- [zadinventory] [           main] a.z.z.c.CategoriaControllerTests         : Starting CategoriaControllerTests using Java 17.0.12 with PID 2176 (started by Join Ads in C:\Users\Join Ads\Documents\projetos\zad\zad-back\zadinventory-backend\zadinventory)
2025-10-17T11:37:02.653-03:00  INFO 2176 --- [zadinventory] [           main] a.z.z.c.CategoriaControllerTests         : No active profile set, falling back to 1 default profile: "default"
2025-10-17T11:37:04.327-03:00  INFO 2176 --- [zadinventory] [           main] .s.d.r.c.RepositoryConfigurationDelegate : Bootstrapping Spring Data JPA repositories in DEFAULT mode.
2025-10-17T11:37:04.589-03:00  INFO 2176 --- [zadinventory] [           main] .s.d.r.c.RepositoryConfigurationDelegate : Finished Spring Data repository scanning in 232 ms. Found 5 JPA repository interfaces.
2025-10-17T11:37:09.128-03:00  INFO 2176 --- [zadinventory] [           main] o.hibernate.jpa.internal.util.LogHelper  : HHH000204: Processing PersistenceUnitInfo [name: default]
2025-10-17T11:37:09.449-03:00  INFO 2176 --- [zadinventory] [           main] org.hibernate.Version                    : HHH000412: Hibernate ORM core version 6.6.22.Final
2025-10-17T11:37:09.713-03:00  INFO 2176 --- [zadinventory] [           main] o.h.c.internal.RegionFactoryInitiator    : HHH000026: Second-level cache disabled
2025-10-17T11:37:10.541-03:00  INFO 2176 --- [zadinventory] [           main] o.s.o.j.p.SpringPersistenceUnitInfo      : No LoadTimeWeaver setup: ignoring JPA class transformer
2025-10-17T11:37:10.743-03:00  INFO 2176 --- [zadinventory] [           main] com.zaxxer.hikari.HikariDataSource       : HikariPool-1 - Starting...
2025-10-17T11:37:12.381-03:00  INFO 2176 --- [zadinventory] [           main] com.zaxxer.hikari.pool.HikariPool        : HikariPool-1 - Added connection com.mysql.cj.jdbc.ConnectionImpl@c8567c9
2025-10-17T11:37:12.393-03:00  INFO 2176 --- [zadinventory] [           main] com.zaxxer.hikari.HikariDataSource       : HikariPool-1 - Start completed.
2025-10-17T11:37:12.926-03:00  INFO 2176 --- [zadinventory] [           main] org.hibernate.orm.connections.pooling    : HHH10001005: Database info:
	Database JDBC URL [Connecting through datasource 'HikariDataSource (HikariPool-1)']
	Database driver: undefined/unknown
	Database version: 8.0.41
	Autocommit mode: undefined/unknown
	Isolation level: undefined/unknown
	Minimum pool size: undefined/unknown
	Maximum pool size: undefined/unknown
2025-10-17T11:37:17.012-03:00  INFO 2176 --- [zadinventory] [           main] o.h.e.t.j.p.i.JtaPlatformInitiator       : HHH000489: No JTA platform available (set 'hibernate.transaction.jta.platform' to enable JTA platform integration)
2025-10-17T11:37:17.501-03:00  INFO 2176 --- [zadinventory] [           main] j.LocalContainerEntityManagerFactoryBean : Initialized JPA EntityManagerFactory for persistence unit 'default'
2025-10-17T11:37:18.577-03:00  INFO 2176 --- [zadinventory] [           main] o.s.d.j.r.query.QueryEnhancerFactory     : Hibernate is in classpath; If applicable, HQL parser will be used.
2025-10-17T11:37:24.193-03:00  INFO 2176 --- [zadinventory] [           main] o.s.b.t.m.w.SpringBootMockServletContext : Initializing Spring TestDispatcherServlet ''
2025-10-17T11:37:24.194-03:00  INFO 2176 --- [zadinventory] [           main] o.s.t.web.servlet.TestDispatcherServlet  : Initializing Servlet ''
2025-10-17T11:37:24.198-03:00  INFO 2176 --- [zadinventory] [           main] o.s.t.web.servlet.TestDispatcherServlet  : Completed initialization in 1 ms
2025-10-17T11:37:24.274-03:00  INFO 2176 --- [zadinventory] [           main] a.z.z.c.CategoriaControllerTests         : Started CategoriaControllerTests in 22.65 seconds (process running for 27.859)
]]></system-out>
  </testcase>
  <testcase name="deveSalvarCategoriaCorretamente" classname="app.zad.zadinventory.controller.CategoriaControllerTests" time="0.324"/>
  <testcase name="deveBuscarCategoriaComProdutos" classname="app.zad.zadinventory.controller.CategoriaControllerTests" time="0.02"/>
  <testcase name="deveAtualizarCategoria" classname="app.zad.zadinventory.controller.CategoriaControllerTests" time="0.016"/>
  <testcase name="deveBuscarCategoriasPorTermo" classname="app.zad.zadinventory.controller.CategoriaControllerTests" time="0.04"/>
  <testcase name="deveBuscarCategoriasPorNome" classname="app.zad.zadinventory.controller.CategoriaControllerTests" time="0.01"/>
  <testcase name="deveBuscarCategoriaPorId" classname="app.zad.zadinventory.controller.CategoriaControllerTests" time="0.011"/>
  <testcase name="deveDeletarCategoria" classname="app.zad.zadinventory.controller.CategoriaControllerTests" time="0.016"/>
  <testcase name="deveListarTodasAsCategorias" classname="app.zad.zadinventory.controller.CategoriaControllerTests" time="0.014"/>
  <testcase name="deveRetornarNotFoundAoBuscarCategoriaComProdutosInexistente" classname="app.zad.zadinventory.controller.CategoriaControllerTests" time="0.016"/>
</testsuite>